# JRE version: OpenJDK Runtime Environment Temurin-17.0.5+8 (17.0.5+8) (build 17.0.5+8)
# Java VM: OpenJDK 64-Bit Server VM Temurin-17.0.5+8 (17.0.5+8, mixed mode, tiered, compressed oops, compressed class ptrs, g1 gc, windows-amd64)
GC Precious Log:
 CPUs: 4 total, 4 available
 Memory: 6030M
 Large Page Support: Disabled
 NUMA Support: Disabled
 Compressed Oops: Enabled (32-bit)
 Heap Region Size: 1M
 Heap Min Capacity: 8M
 Heap Initial Capacity: 96M
 Heap Max Capacity: 1508M
 Pre-touch: Disabled
 Parallel Workers: 4
 Concurrent Workers: 1
 Concurrent Refinement Workers: 4
 Periodic GC: Disabled
Heap:
 garbage-first heap   total 51200K, used 33622K [0x00000000a1c00000, 0x0000000100000000)
  region size 1024K, 16 young (16384K), 2 survivors (2048K)
 Metaspace       used 40581K, committed 40960K, reserved 1089536K
  class space    used 4614K, committed 4800K, reserved 1048576K
GC Heap History (16 events):
Event: 3.666 GC heap before
{Heap before GC invocations=0 (full 0):
 garbage-first heap   total 98304K, used 13312K [0x00000000a1c00000, 0x0000000100000000)
  region size 1024K, 13 young (13312K), 0 survivors (0K)
 Metaspace       used 7474K, committed 7616K, reserved 1056768K
  class space    used 628K, committed 704K, reserved 1048576K
}
Event: 3.674 GC heap after
{Heap after GC invocations=1 (full 0):
 garbage-first heap   total 98304K, used 9116K [0x00000000a1c00000, 0x0000000100000000)
  region size 1024K, 2 young (2048K), 2 survivors (2048K)
 Metaspace       used 7474K, committed 7616K, reserved 1056768K
  class space    used 628K, committed 704K, reserved 1048576K
}
Event: 6.000 GC heap before
{Heap before GC invocations=1 (full 0):
 garbage-first heap   total 98304K, used 16284K [0x00000000a1c00000, 0x0000000100000000)
  region size 1024K, 10 young (10240K), 2 survivors (2048K)
 Metaspace       used 12863K, committed 12992K, reserved 1064960K
  class space    used 1199K, committed 1280K, reserved 1048576K
}
Event: 6.006 GC heap after
{Heap after GC invocations=2 (full 0):
 garbage-first heap   total 98304K, used 10730K [0x00000000a1c00000, 0x0000000100000000)
  region size 1024K, 2 young (2048K), 2 survivors (2048K)
 Metaspace       used 12863K, committed 12992K, reserved 1064960K
  class space    used 1199K, committed 1280K, reserved 1048576K
}
Event: 7.799 GC heap before
{Heap before GC invocations=2 (full 0):
 garbage-first heap   total 98304K, used 29162K [0x00000000a1c00000, 0x0000000100000000)
  region size 1024K, 21 young (21504K), 2 survivors (2048K)
 Metaspace       used 18369K, committed 18496K, reserved 1073152K
  class space    used 1851K, committed 1920K, reserved 1048576K
}
Event: 7.803 GC heap after
{Heap after GC invocations=3 (full 0):
 garbage-first heap   total 98304K, used 12503K [0x00000000a1c00000, 0x0000000100000000)
  region size 1024K, 3 young (3072K), 3 survivors (3072K)
 Metaspace       used 18369K, committed 18496K, reserved 1073152K
  class space    used 1851K, committed 1920K, reserved 1048576K
}
Event: 8.963 GC heap before
{Heap before GC invocations=3 (full 0):
 garbage-first heap   total 98304K, used 23767K [0x00000000a1c00000, 0x0000000100000000)
  region size 1024K, 15 young (15360K), 3 survivors (3072K)
 Metaspace       used 21352K, committed 21504K, reserved 1073152K
  class space    used 2209K, committed 2304K, reserved 1048576K
}
Event: 8.968 GC heap after
{Heap after GC invocations=4 (full 0):
 garbage-first heap   total 98304K, used 13479K [0x00000000a1c00000, 0x0000000100000000)
  region size 1024K, 4 young (4096K), 4 survivors (4096K)
 Metaspace       used 21352K, committed 21504K, reserved 1073152K
  class space    used 2209K, committed 2304K, reserved 1048576K
}
Event: 10.567 GC heap before
{Heap before GC invocations=5 (full 0):
 garbage-first heap   total 51200K, used 39079K [0x00000000a1c00000, 0x0000000100000000)
  region size 1024K, 30 young (30720K), 4 survivors (4096K)
 Metaspace       used 27878K, committed 28160K, reserved 1081344K
  class space    used 2933K, committed 3072K, reserved 1048576K
}
Event: 10.575 GC heap after
{Heap after GC invocations=6 (full 0):
 garbage-first heap   total 51200K, used 15249K [0x00000000a1c00000, 0x0000000100000000)
  region size 1024K, 3 young (3072K), 3 survivors (3072K)
 Metaspace       used 27878K, committed 28160K, reserved 1081344K
  class space    used 2933K, committed 3072K, reserved 1048576K
}
Event: 12.434 GC heap before
{Heap before GC invocations=6 (full 0):
 garbage-first heap   total 51200K, used 33681K [0x00000000a1c00000, 0x0000000100000000)
  region size 1024K, 21 young (21504K), 3 survivors (3072K)
 Metaspace       used 32166K, committed 32448K, reserved 1081344K
  class space    used 3501K, committed 3648K, reserved 1048576K
}
Event: 12.443 GC heap after
{Heap after GC invocations=7 (full 0):
 garbage-first heap   total 51200K, used 17141K [0x00000000a1c00000, 0x0000000100000000)
  region size 1024K, 2 young (2048K), 2 survivors (2048K)
 Metaspace       used 32166K, committed 32448K, reserved 1081344K
  class space    used 3501K, committed 3648K, reserved 1048576K
}
Event: 14.143 GC heap before
{Heap before GC invocations=7 (full 0):
 garbage-first heap   total 51200K, used 30453K [0x00000000a1c00000, 0x0000000100000000)
  region size 1024K, 16 young (16384K), 2 survivors (2048K)
 Metaspace       used 35629K, committed 35968K, reserved 1081344K
  class space    used 3908K, committed 4096K, reserved 1048576K
}
Event: 14.149 GC heap after
{Heap after GC invocations=8 (full 0):
 garbage-first heap   total 51200K, used 19296K [0x00000000a1c00000, 0x0000000100000000)
  region size 1024K, 3 young (3072K), 3 survivors (3072K)
 Metaspace       used 35629K, committed 35968K, reserved 1081344K
  class space    used 3908K, committed 4096K, reserved 1048576K
}
Event: 27.936 GC heap before
{Heap before GC invocations=9 (full 0):
 garbage-first heap   total 51200K, used 33632K [0x00000000a1c00000, 0x0000000100000000)
  region size 1024K, 18 young (18432K), 3 survivors (3072K)
 Metaspace       used 38202K, committed 38592K, reserved 1089536K
  class space    used 4299K, committed 4480K, reserved 1048576K
}
Event: 27.940 GC heap after
{Heap after GC invocations=10 (full 0):
 garbage-first heap   total 51200K, used 20310K [0x00000000a1c00000, 0x0000000100000000)
  region size 1024K, 2 young (2048K), 2 survivors (2048K)
 Metaspace       used 38202K, committed 38592K, reserved 1089536K
  class space    used 4299K, committed 4480K, reserved 1048576K
}

