<?xml version="1.0" encoding="UTF-8"?>
<!-- Generated by org.testng.reporters.JUnitXMLReporter -->
<testsuite ignored="0" hostname="THSLT10555" failures="0" tests="7" name="Default test" time="325.305" errors="0" timestamp="2024-03-27T17:42:55 IST">
  <testcase classname="com.frameium.stepdef.Hooks" name="runScenario" time="37.858"/>
  <testcase classname="com.frameium.stepdef.Hooks" name="runScenario" time="29.094"/>
  <testcase classname="com.frameium.stepdef.Hooks" name="runScenario" time="24.16"/>
  <testcase classname="com.frameium.stepdef.Hooks" name="runScenario" time="60.627"/>
  <testcase classname="com.frameium.stepdef.Hooks" name="runScenario" time="30.633"/>
  <testcase classname="com.frameium.stepdef.Hooks" name="runScenario" time="55.877"/>
  <testcase classname="com.frameium.stepdef.Hooks" name="runScenario" time="60.995"/>
</testsuite> <!-- Default test -->
